<?xml version="1.0" encoding="UTF-8"?>
<!-- Generated by org.testng.reporters.JUnitXMLReporter -->
<testsuite ignored="0" hostname="Lenovo-Ideapad" failures="0" tests="9" name="Book API Tests" time="0.294" errors="0" timestamp="2025-06-13T00:28:25 IST">
  <testcase classname="api.test.BookTest" name="testCreateBook" time="0.097"/>
  <testcase classname="api.test.BookTest" name="testGetAllBooks" time="0.03"/>
  <testcase classname="api.test.BookTest" name="testGetBookById" time="0.023"/>
  <testcase classname="api.test.BookTest" name="testDeleteBook" time="0.024"/>
  <testcase classname="api.test.BookTest" name="testCreateBookWithoutToken" time="0.015"/>
  <testcase classname="api.test.BookTest" name="testCreateBookWithInvalidToken" time="0.016"/>
  <testcase classname="api.test.BookTest" name="testCreateBookWithMissingFields" time="0.018"/>
  <testcase classname="api.test.BookTest" name="testGetBookWithInvalidId" time="0.026"/>
  <testcase classname="api.test.BookTest" name="testDeleteAlreadyDeletedBook" time="0.026"/>
</testsuite> <!-- Book API Tests -->
