<?xml version="1.0" encoding="UTF-8"?>
<!-- Generated by org.testng.reporters.JUnitXMLReporter -->
<testsuite ignored="0" hostname="Lenovo-Ideapad" failures="0" tests="8" name="User Auth Tests" time="0.821" errors="0" timestamp="2025-06-13T00:28:25 IST">
  <testcase classname="api.test.UserTest" name="testDuplicateSignUp" time="0.03"/>
  <testcase classname="api.test.UserTest" name="testSignUpWithNoPayloadBody" time="0.075"/>
  <testcase classname="api.test.UserTest" name="testSignUpWithRawPayloadBody" time="0.022"/>
  <testcase classname="api.test.UserTest" name="testLoginWithValidCredentials" time="0.296"/>
  <testcase classname="api.test.UserTest" name="testLoginWithWrongPassword" time="0.287"/>
  <testcase classname="api.test.UserTest" name="testLoginWithWrongEmail" time="0.022"/>
  <testcase classname="api.test.UserTest" name="testLoginWithNoPayload" time="0.032"/>
  <testcase classname="api.test.UserTest" name="testSignInWithRawPayloadBody" time="0.017"/>
</testsuite> <!-- User Auth Tests -->
